<?xml version="1.0" encoding="UTF-8"?>
<!-- Generated by org.testng.reporters.JUnitXMLReporter -->
<testsuite ignored="5" hostname="DESKTOP-34TR8MB" failures="0" tests="2" name="FunctionalTest" time="10.228" errors="0" timestamp="2022-01-05T22:17:36 IST">
  <testcase classname="Testautomation.Testng" name="logout" time="0.02"/>
  <testcase classname="Testautomation.Testng" name="loginwithvalidcred" time="10.033"/>
  <testcase classname="Testautomation.Testng" name="logninvalid1" time="0.0">
    <ignored/>
  </testcase> <!-- logninvalid1 -->
  <testcase classname="Testautomation.Testng" name="login" time="0.0">
    <ignored/>
  </testcase> <!-- login -->
  <testcase classname="Testautomation.Testng" name="logninvalid2" time="0.0">
    <ignored/>
  </testcase> <!-- logninvalid2 -->
  <testcase classname="Testautomation.Testng" name="logininvalid" time="0.0">
    <ignored/>
  </testcase> <!-- logininvalid -->
  <testcase classname="Testautomation.Testng" name="div" time="0.0">
    <ignored/>
  </testcase> <!-- div -->
</testsuite> <!-- FunctionalTest -->
