<?xml version="1.0" encoding="UTF-8"?>
<testng-results ignored="0" total="2" passed="2" failed="0" skipped="0">
  <reporter-output>
  </reporter-output>
  <suite started-at="2022-01-14T15:41:33 IST" name="Default suite" finished-at="2022-01-14T15:41:55 IST" duration-ms="22713">
    <groups>
    </groups>
    <test started-at="2022-01-14T15:41:33 IST" name="Default test" finished-at="2022-01-14T15:41:55 IST" duration-ms="22713">
      <class name="test.Testclassforlistener">
        <test-method is-config="true" signature="Browser()[pri:0, instance:test.Testclassforlistener@7ed7259e]" started-at="2022-01-14T15:41:33 IST" name="Browser" finished-at="2022-01-14T15:41:42 IST" duration-ms="8847" status="PASS">
          <reporter-output>
          </reporter-output>
        </test-method> <!-- Browser -->
        <test-method signature="Logout()[pri:0, instance:test.Testclassforlistener@7ed7259e]" started-at="2022-01-14T15:41:42 IST" name="Logout" finished-at="2022-01-14T15:41:49 IST" duration-ms="7502" status="PASS">
          <reporter-output>
          </reporter-output>
        </test-method> <!-- Logout -->
        <test-method is-config="true" signature="screenshot(org.testng.ITestResult)[pri:0, instance:test.Testclassforlistener@7ed7259e]" started-at="2022-01-14T15:41:49 IST" name="screenshot" finished-at="2022-01-14T15:41:49 IST" duration-ms="6" status="PASS">
          <params>
            <param index="0">
              <value>
                <![CDATA[[TestResult name=Logout status=SUCCESS method=Testclassforlistener.Logout()[pri:0, instance:test.Testclassforlistener@7ed7259e] output={null}]]]>
              </value>
            </param>
          </params>
          <reporter-output>
          </reporter-output>
        </test-method> <!-- screenshot -->
        <test-method is-config="true" signature="Browser()[pri:0, instance:test.Testclassforlistener@7ed7259e]" started-at="2022-01-14T15:41:49 IST" name="Browser" finished-at="2022-01-14T15:41:55 IST" duration-ms="6185" status="PASS">
          <reporter-output>
          </reporter-output>
        </test-method> <!-- Browser -->
        <test-method signature="Checkout()[pri:0, instance:test.Testclassforlistener@7ed7259e]" started-at="2022-01-14T15:41:55 IST" name="Checkout" finished-at="2022-01-14T15:41:55 IST" depends-on-methods="test.Testclassforlistener.Logout" duration-ms="7" status="PASS">
          <reporter-output>
          </reporter-output>
        </test-method> <!-- Checkout -->
        <test-method is-config="true" signature="screenshot(org.testng.ITestResult)[pri:0, instance:test.Testclassforlistener@7ed7259e]" started-at="2022-01-14T15:41:55 IST" name="screenshot" finished-at="2022-01-14T15:41:55 IST" duration-ms="1" status="PASS">
          <params>
            <param index="0">
              <value>
                <![CDATA[[TestResult name=Checkout status=SUCCESS method=Testclassforlistener.Checkout()[pri:0, instance:test.Testclassforlistener@7ed7259e] output={null}]]]>
              </value>
            </param>
          </params>
          <reporter-output>
          </reporter-output>
        </test-method> <!-- screenshot -->
      </class> <!-- test.Testclassforlistener -->
    </test> <!-- Default test -->
  </suite> <!-- Default suite -->
</testng-results>
